<?xml version="1.0" encoding="UTF-8" ?>
<testsuite errors="0" failures="0" hostname="rsukkerd-laptop" name="voldemort.HistoryGraphBuilderTest" tests="9" time="8.467" timestamp="2011-12-22T02:16:27">
  <properties>
    <property name="java.vendor" value="Sun Microsystems Inc." />
    <property name="env.SESSION_MANAGER" value="local/rsukkerd-laptop:@/tmp/.ICE-unix/1146,unix/rsukkerd-laptop:/tmp/.ICE-unix/1146" />
    <property name="env.LESSOPEN" value="| /usr/bin/lesspipe %s" />
    <property name="sun.java.launcher" value="SUN_STANDARD" />
    <property name="sun.management.compiler" value="HotSpot Client Compiler" />
    <property name="os.name" value="Linux" />
    <property name="sun.boot.class.path" value="/usr/lib/jvm/java-6-sun-1.6.0.26/jre/lib/resources.jar:/usr/lib/jvm/java-6-sun-1.6.0.26/jre/lib/rt.jar:/usr/lib/jvm/java-6-sun-1.6.0.26/jre/lib/sunrsasign.jar:/usr/lib/jvm/java-6-sun-1.6.0.26/jre/lib/jsse.jar:/usr/lib/jvm/java-6-sun-1.6.0.26/jre/lib/jce.jar:/usr/lib/jvm/java-6-sun-1.6.0.26/jre/lib/charsets.jar:/usr/lib/jvm/java-6-sun-1.6.0.26/jre/lib/modules/jdk.boot.jar:/usr/lib/jvm/java-6-sun-1.6.0.26/jre/classes" />
    <property name="env.PWD" value="/home/rsukkerd/workspace/project499" />
    <property name="env.XDG_SESSION_COOKIE" value="e2d3b5df62b09ab6e5b916284cb0cc9c-1324518966.840622-628795375" />
    <property name="sun.desktop" value="gnome" />
    <property name="env.LANG" value="en_US.utf8" />
    <property name="java.vm.specification.vendor" value="Sun Microsystems Inc." />
    <property name="ant.home" value="/usr/share/ant" />
    <property name="java.runtime.version" value="1.6.0_26-b03" />
    <property name="env.DEFAULTS_PATH" value="/usr/share/gconf/gnome.default.path" />
    <property name="env.DISPLAY" value=":0.0" />
    <property name="user.name" value="rsukkerd" />
    <property name="env._" value="/usr/bin/ant" />
    <property name="env.USER" value="rsukkerd" />
    <property name="env.SHELL" value="/bin/bash" />
    <property name="env.DESKTOP_SESSION" value="gnome" />
    <property name="env.XDG_DATA_DIRS" value="/usr/share/gnome:/usr/local/share/:/usr/share/" />
    <property name="env.NLSPATH" value="/usr/dt/lib/nls/msg/%L/%N.cat" />
    <property name="env.PATH" value="/usr/local/sbin:/usr/local/bin:/usr/sbin:/usr/bin:/sbin:/bin:/usr/games:/usr/lib/jvm/java-6-sun/bin" />
    <property name="user.language" value="en" />
    <property name="sun.boot.library.path" value="/usr/lib/jvm/java-6-sun-1.6.0.26/jre/lib/i386" />
    <property name="ant.project.name" value="project499" />
    <property name="java.version" value="1.6.0_26" />
    <property name="user.timezone" value="" />
    <property name="env.DBUS_SESSION_BUS_ADDRESS" value="unix:abstract=/tmp/dbus-bU1pYjYS8r,guid=8e8e3586dd721efecc30f79c4ef28e37" />
    <property name="sun.arch.data.model" value="32" />
    <property name="env.SSH_AGENT_PID" value="1210" />
    <property name="java.endorsed.dirs" value="/usr/lib/jvm/java-6-sun-1.6.0.26/jre/lib/endorsed" />
    <property name="sun.cpu.isalist" value="" />
    <property name="sun.jnu.encoding" value="UTF-8" />
    <property name="file.encoding.pkg" value="sun.io" />
    <property name="env.SHLVL" value="1" />
    <property name="file.separator" value="/" />
    <property name="java.specification.name" value="Java Platform API Specification" />
    <property name="env.GNOME_DESKTOP_SESSION_ID" value="this-is-deprecated" />
    <property name="java.class.version" value="50.0" />
    <property name="env.GDMSESSION" value="gnome" />
    <property name="env.GDM_KEYBOARD_LAYOUT" value="us" />
    <property name="user.country" value="US" />
    <property name="env.GNOME_KEYRING_PID" value="1128" />
    <property name="java.home" value="/usr/lib/jvm/java-6-sun-1.6.0.26/jre" />
    <property name="java.vm.info" value="mixed mode, sharing" />
    <property name="env.LOGNAME" value="rsukkerd" />
    <property name="ant.file" value="/home/rsukkerd/workspace/project499/build.xml" />
    <property name="os.version" value="2.6.32-37-generic" />
    <property name="path.separator" value=":" />
    <property name="java.vm.version" value="20.1-b02" />
    <property name="ant.library.dir" value="/usr/share/ant/lib" />
    <property name="junit.output.dir" value="junit" />
    <property name="env.JAVA_HOME" value="/usr/lib/jvm/java-6-sun" />
    <property name="java.awt.printerjob" value="sun.print.PSPrinterJob" />
    <property name="env.TERM" value="xterm" />
    <property name="sun.io.unicode.encoding" value="UnicodeLittle" />
    <property name="env.GDM_LANG" value="en_US.utf8" />
    <property name="user.home" value="/home/rsukkerd" />
    <property name="target" value="1.6" />
    <property name="env.OLDPWD" value="/home/rsukkerd/workspace/project499/src" />
    <property name="java.specification.vendor" value="Sun Microsystems Inc." />
    <property name="env.WINDOWID" value="77594627" />
    <property name="java.library.path" value="/usr/lib/jvm/java-6-sun-1.6.0.26/jre/lib/i386/client:/usr/lib/jvm/java-6-sun-1.6.0.26/jre/lib/i386:/usr/lib/jvm/java-6-sun-1.6.0.26/jre/../lib/i386:/usr/java/packages/lib/i386:/lib:/usr/lib" />
    <property name="java.vendor.url" value="http://java.sun.com/" />
    <property name="java.vm.vendor" value="Sun Microsystems Inc." />
    <property name="java.runtime.name" value="Java(TM) SE Runtime Environment" />
    <property name="sun.java.command" value="org.apache.tools.ant.taskdefs.optional.junit.JUnitTestRunner voldemort.HistoryGraphBuilderTest filtertrace=true haltOnError=false haltOnFailure=false formatter=org.apache.tools.ant.taskdefs.optional.junit.OutErrSummaryJUnitResultFormatter showoutput=false outputtoformatters=true logtestlistenerevents=true formatter=org.apache.tools.ant.taskdefs.optional.junit.XMLJUnitResultFormatter,/home/rsukkerd/workspace/project499/junit/TEST-voldemort.HistoryGraphBuilderTest.xml crashfile=/home/rsukkerd/workspace/project499/junitvmwatcher6083490142543905904.properties propsfile=/home/rsukkerd/workspace/project499/junit4049320559766623950.properties" />
    <property name="java.class.path" value="/home/rsukkerd/workspace/project499/bin:/home/rsukkerd/Eclipse/eclipse/plugins/org.junit_4.8.1.v4_8_1_v20100427-1100/junit.jar:/home/rsukkerd/Eclipse/eclipse/plugins/org.hamcrest.core_1.1.0.v20090501071000.jar:/usr/share/java/ant-launcher-1.7.1.jar:/usr/share/ant/lib/ant.jar:/usr/share/ant/lib/ant-junit.jar" />
    <property name="ant.version" value="Apache Ant version 1.7.1 compiled on September 8 2010" />
    <property name="env.XFILESEARCHPATH" value="/usr/dt/app-defaults/%L/Dt" />
    <property name="java.vm.specification.name" value="Java Virtual Machine Specification" />
    <property name="java.vm.specification.version" value="1.0" />
    <property name="sun.cpu.endian" value="little" />
    <property name="sun.os.patch.level" value="unknown" />
    <property name="debuglevel" value="source,lines,vars" />
    <property name="env.HOME" value="/home/rsukkerd" />
    <property name="java.io.tmpdir" value="/tmp" />
    <property name="env.LD_LIBRARY_PATH" value="/usr/lib/jvm/java-6-sun-1.6.0.26/jre/lib/i386/client:/usr/lib/jvm/java-6-sun-1.6.0.26/jre/lib/i386:/usr/lib/jvm/java-6-sun-1.6.0.26/jre/../lib/i386" />
    <property name="env.LS_COLORS" value="rs=0:di=01;34:ln=01;36:hl=44;37:pi=40;33:so=01;35:do=01;35:bd=40;33;01:cd=40;33;01:or=40;31;01:su=37;41:sg=30;43:ca=30;41:tw=30;42:ow=34;42:st=37;44:ex=01;32:*.tar=01;31:*.tgz=01;31:*.arj=01;31:*.taz=01;31:*.lzh=01;31:*.lzma=01;31:*.zip=01;31:*.z=01;31:*.Z=01;31:*.dz=01;31:*.gz=01;31:*.bz2=01;31:*.bz=01;31:*.tbz2=01;31:*.tz=01;31:*.deb=01;31:*.rpm=01;31:*.jar=01;31:*.rar=01;31:*.ace=01;31:*.zoo=01;31:*.cpio=01;31:*.7z=01;31:*.rz=01;31:*.jpg=01;35:*.jpeg=01;35:*.gif=01;35:*.bmp=01;35:*.pbm=01;35:*.pgm=01;35:*.ppm=01;35:*.tga=01;35:*.xbm=01;35:*.xpm=01;35:*.tif=01;35:*.tiff=01;35:*.png=01;35:*.svg=01;35:*.svgz=01;35:*.mng=01;35:*.pcx=01;35:*.mov=01;35:*.mpg=01;35:*.mpeg=01;35:*.m2v=01;35:*.mkv=01;35:*.ogm=01;35:*.mp4=01;35:*.m4v=01;35:*.mp4v=01;35:*.vob=01;35:*.qt=01;35:*.nuv=01;35:*.wmv=01;35:*.asf=01;35:*.rm=01;35:*.rmvb=01;35:*.flc=01;35:*.avi=01;35:*.fli=01;35:*.flv=01;35:*.gl=01;35:*.dl=01;35:*.xcf=01;35:*.xwd=01;35:*.yuv=01;35:*.axv=01;35:*.anx=01;35:*.ogv=01;35:*.ogx=01;35:*.aac=00;36:*.au=00;36:*.flac=00;36:*.mid=00;36:*.midi=00;36:*.mka=00;36:*.mp3=00;36:*.mpc=00;36:*.ogg=00;36:*.ra=00;36:*.wav=00;36:*.axa=00;36:*.oga=00;36:*.spx=00;36:*.xspf=00;36:" />
    <property name="java.vendor.url.bug" value="http://java.sun.com/cgi-bin/bugreport.cgi" />
    <property name="env.SSH_AUTH_SOCK" value="/tmp/keyring-y0uqJJ/ssh" />
    <property name="java.awt.graphicsenv" value="sun.awt.X11GraphicsEnvironment" />
    <property name="os.arch" value="i386" />
    <property name="java.ext.dirs" value="/usr/lib/jvm/java-6-sun-1.6.0.26/jre/lib/ext:/usr/java/packages/lib/ext" />
    <property name="env.XAUTHORITY" value="/var/run/gdm/auth-for-rsukkerd-D3BXP5/database" />
    <property name="user.dir" value="/home/rsukkerd/workspace/project499" />
    <property name="env.MANDATORY_PATH" value="/usr/share/gconf/gnome.mandatory.path" />
    <property name="env.SPEECHD_PORT" value="7560" />
    <property name="env.GTK_MODULES" value="canberra-gtk-module" />
    <property name="line.separator" value="
" />
    <property name="java.vm.name" value="Java HotSpot(TM) Client VM" />
    <property name="env.COLORTERM" value="gnome-terminal" />
    <property name="basedir" value="/home/rsukkerd/workspace/project499" />
    <property name="ant.java.version" value="1.6" />
    <property name="env.ORBIT_SOCKETDIR" value="/tmp/orbit-rsukkerd" />
    <property name="ant.core.lib" value="/usr/share/ant/lib/ant.jar" />
    <property name="env.USERNAME" value="rsukkerd" />
    <property name="source" value="1.6" />
    <property name="file.encoding" value="UTF-8" />
    <property name="java.specification.version" value="1.6" />
    <property name="env.GNOME_KEYRING_CONTROL" value="/tmp/keyring-y0uqJJ" />
    <property name="env.XDG_CONFIG_DIRS" value="/etc/xdg/xdg-gnome:/etc/xdg" />
    <property name="env.LESSCLOSE" value="/usr/bin/lesspipe %s %s" />
    <property name="ant.file.project499" value="/home/rsukkerd/workspace/project499/build.xml" />
  </properties>
  <testcase classname="voldemort.HistoryGraphBuilderTest" name="testBuildHistoryGraph1" time="0.764" />
  <testcase classname="voldemort.HistoryGraphBuilderTest" name="testBuildHistoryGraph2" time="1.103" />
  <testcase classname="voldemort.HistoryGraphBuilderTest" name="testBuildHistoryGraph3" time="1.232" />
  <testcase classname="voldemort.HistoryGraphBuilderTest" name="testBuildHistoryGraph4" time="1.946" />
  <testcase classname="voldemort.HistoryGraphBuilderTest" name="testBuildHistoryGraph5" time="2.963" />
  <testcase classname="voldemort.HistoryGraphBuilderTest" name="testAddBugFixesInfo1" time="0.0010" />
  <testcase classname="voldemort.HistoryGraphBuilderTest" name="testAddBugFixesInfo2" time="0.0030" />
  <testcase classname="voldemort.HistoryGraphBuilderTest" name="testAddBugFixesInfo3" time="0.0030" />
  <testcase classname="voldemort.HistoryGraphBuilderTest" name="testAddBugFixesInfo4" time="0.0030" />
  <system-out><![CDATA[(1) commit : master
Tests: 
Failures: 

(1) commit : master
Tests: 
Failures: 

(2) commit : 88cb3de667c0de7c18710d011a2357b0fa81f5b9
Tests: 
Failures: 

(1) commit : master
Tests: 
Failures: 

(2) commit : d3885c6b2054d27e7c7f011b72151db54dfa7f2e
Tests: 
Failures: 

(3) commit : 4cb3b283449c3f180c2d5e7de5a7a1c4ec6f220b
Tests: 
Failures: 

(1) commit : master
Tests: 
Failures: 

(2) commit : 6a33c575386da5056f4c9fef4fbd2ceb903a33da
Tests: 
Failures: 

(3) commit : cf3709a5b0a02e2a4db8188908210f1e021bc749
Tests: 
Failures: 

(4) commit : ce23b5c98d6d6379998b466b1f75cb8cd11a305e
Tests: 
Failures: 

(1) commit : master
Tests: 
Failures: 

(2) commit : 29e5218f558665a8380eb2ebc8c99bb289171472
Tests: 
Failures: 

(3) commit : f4f5b80555533b32e411784b1ced71a18e12f5cd
Tests: 
Failures: 

(4) commit : 05475b452fe2c26f42515ed3cba4fa169bef8700
Tests: 
Failures: 

(5) commit : 3bfa3dabf0b67b740522a650a9f18adc521fb588
Tests: 
Failures: 

(6) commit : 4c7f7bd25c0738087f4839624576749161224930
Tests: 
Failures: 

]]></system-out>
  <system-err><![CDATA[]]></system-err>
</testsuite>
